
=====================================================
Video
=====================================================
Codec 4CC:		H264
Image Size:		1280 x 720
Aspect Ratio:		1:1 (1:1)
Frame Rate:		25.000 fps
Total Duration:		00:05:15.601

=====================================================
Extra Video Properties
=====================================================
ExtraDataSize:		43
Extra data:		01 64 00 1F FF E1 00 1A 67 64 

=====================================================
Audio
=====================================================
Codec:			AAC
Channels:		Stereo
Bitrate:		16092 Bps / 128 kbps
Frequency:		48000 Hz
Total Duration:		00:05:15.645
